This is pdfTeX, Version 3.14159-1.10b (Web2C 7.4.5) (format=pdflatex 2004.2.4)  7 SEP 2004 16:43
**sig-alternate.tex
(./sig-alternate.tex{/sw/share/texmf/pdftex/config/pdftex.cfg}
LaTeX2e <2001/06/01>
Babel <v3.7h> and hyphenation patterns for american, french, german, ngerman, n
ohyphenation, loaded.
(./sig-alternate.cls (/sw/share/texmf/tex/latex/graphics/epsfig.sty
Package: epsfig 1999/02/16 v1.7a (e)psfig emulation (SPQR)

(/sw/share/texmf/tex/latex/graphics/graphicx.sty
Package: graphicx 1999/02/16 v1.0f Enhanced LaTeX Graphics (DPC,SPQR)

(/sw/share/texmf/tex/latex/graphics/keyval.sty
Package: keyval 1999/03/16 v1.13 key=value parser (DPC)
\KV@toks@=\toks14
)
(/sw/share/texmf/tex/latex/graphics/graphics.sty
Package: graphics 2001/07/07 v1.0n Standard LaTeX Graphics (DPC,SPQR)

(/sw/share/texmf/tex/latex/graphics/trig.sty
Package: trig 1999/03/16 v1.09 sin cos tan (DPC)
)
(/sw/share/texmf/tex/latex/config/graphics.cfg
File: graphics.cfg 2001/08/31 v1.1 graphics configuration of teTeX/TeXLive
)
Package graphics Info: Driver file: pdftex.def on input line 80.

(/sw/share/texmf/tex/latex/graphics/pdftex.def
File: pdftex.def 2002/06/19 v0.03k graphics/color for pdftex
\Gread@gobject=\count79
))
\Gin@req@height=\dimen102
\Gin@req@width=\dimen103
)
\epsfxsize=\dimen104
\epsfysize=\dimen105
)
(/sw/share/texmf/tex/latex/amsfonts/amssymb.sty
Package: amssymb 2002/01/22 v2.2d

(/sw/share/texmf/tex/latex/amsfonts/amsfonts.sty
Package: amsfonts 2001/10/25 v2.2f
\@emptytoks=\toks15
\symAMSa=\mathgroup4
\symAMSb=\mathgroup5
LaTeX Font Info:    Overwriting math alphabet `\mathfrak' in version `bold'
(Font)                  U/euf/m/n --> U/euf/b/n on input line 132.
))
(/sw/share/texmf/tex/latex/amsmath/amsmath.sty
Package: amsmath 2000/07/18 v2.13 AMS math features
\@mathmargin=\skip41

For additional information on amsmath, use the `?' option.
(/sw/share/texmf/tex/latex/amsmath/amstext.sty
Package: amstext 2000/06/29 v2.01

(/sw/share/texmf/tex/latex/amsmath/amsgen.sty
File: amsgen.sty 1999/11/30 v2.0
\@emptytoks=\toks16
\ex@=\dimen106
))
(/sw/share/texmf/tex/latex/amsmath/amsbsy.sty
Package: amsbsy 1999/11/29 v1.2d
\pmbraise@=\dimen107
)
(/sw/share/texmf/tex/latex/amsmath/amsopn.sty
Package: amsopn 1999/12/14 v2.01 operator names
)
\inf@bad=\count80
LaTeX Info: Redefining \frac on input line 211.
\uproot@=\count81
\leftroot@=\count82
LaTeX Info: Redefining \overline on input line 307.
\classnum@=\count83
\DOTSCASE@=\count84
LaTeX Info: Redefining \ldots on input line 379.
LaTeX Info: Redefining \dots on input line 382.
LaTeX Info: Redefining \cdots on input line 467.
\Mathstrutbox@=\box26
\strutbox@=\box27
\big@size=\dimen108
LaTeX Font Info:    Redeclaring font encoding OML on input line 567.
LaTeX Font Info:    Redeclaring font encoding OMS on input line 568.
\macc@depth=\count85
\c@MaxMatrixCols=\count86
\dotsspace@=\muskip10
\c@parentequation=\count87
\dspbrk@lvl=\count88
\tag@help=\toks17
\row@=\count89
\column@=\count90
\maxfields@=\count91
\andhelp@=\toks18
\eqnshift@=\dimen109
\alignsep@=\dimen110
\tagshift@=\dimen111
\tagwidth@=\dimen112
\totwidth@=\dimen113
\lineht@=\dimen114
\@envbody=\toks19
\multlinegap=\skip42
\multlinetaggap=\skip43
\mathdisplay@stack=\toks20
LaTeX Info: Redefining \[ on input line 2666.
LaTeX Info: Redefining \] on input line 2667.
)
Document Class 'sig-alternate' <2nd. October '02>. Modified by G.K.M. Tobin/Ger
ry Murray
Based in part upon document Style `acmconf' <22 May 89>. Hacked 4/91 by
shivers@cs.cmu.edu, 4/93 by theobald@cs.mcgill.ca
Excerpts were taken from (Journal Style) 'esub2acm.cls'.
****** Bugs/comments/suggestions/technicalities to Gerry Murray -- murray@hq.ac
m.org ******
Questions on the style, SIGS policies, etc. to Adrienne Griscti griscti@acm.org

\footheight=\dimen115
\@maxsep=\dimen116
\@dblmaxsep=\dimen117
\aucount=\count92
\originalaucount=\count93
\auwidth=\dimen118
\auskip=\dimen119
\auskipcount=\count94
\auskip=\dimen120
\allauboxes=\dimen121
\addauthors=\toks21
\addauflag=\count95
\subtitletext=\toks22
\savesection=\count96
\sectioncntr=\count97
\c@figure=\count98
\c@table=\count99
\titleboxnotes=\toks23
\titleboxnoteflag=\count100

LaTeX Warning: You have requested document class `sig-alternate',
               but the document class provides `acm-final/sig-alternate'.

Document Class: acm-final/sig-alternate 2002/02/10 - V1.6 - based on acmproc.cl
s V1.3 <Nov. 30 '99>
(/sw/share/texmf/tex/latex/base/latexsym.sty
Package: latexsym 1998/08/17 v2.2e Standard LaTeX package (lasy symbols)
\symlasy=\mathgroup6
LaTeX Font Info:    Overwriting symbol font `lasy' in version `bold'
(Font)                  U/lasy/m/n --> U/lasy/b/n on input line 42.
)
\@acmtitlebox=\box28
\titlenotecount=\count101
\tntoks=\toks24
\tntokstwo=\toks25
\tntoksthree=\toks26
\tntoksfour=\toks27
\tntoksfive=\toks28
\catcount=\count102
\copyrightnotice=\toks29
\conf=\toks30
\confinfo=\toks31
\c@part=\count103
\c@section=\count104
\c@subsection=\count105
\c@subsubsection=\count106
\c@paragraph=\count107

Using 'Abbrev' bibliography style
\bibindent=\dimen122
\colcntr=\count108
\savebox=\box29
\copyrtyr=\toks32
\acmcopyr=\toks33
\boilerplate=\toks34
\copyrightetc=\toks35
) (./sig-alternate.aux)
\openout1 = `sig-alternate.aux'.

LaTeX Font Info:    Checking defaults for OML/cmm/m/it on input line 50.
LaTeX Font Info:    ... okay on input line 50.
LaTeX Font Info:    Checking defaults for T1/cmr/m/n on input line 50.
LaTeX Font Info:    ... okay on input line 50.
LaTeX Font Info:    Checking defaults for OT1/cmr/m/n on input line 50.
LaTeX Font Info:    ... okay on input line 50.
LaTeX Font Info:    Checking defaults for OMS/cmsy/m/n on input line 50.
LaTeX Font Info:    ... okay on input line 50.
LaTeX Font Info:    Checking defaults for OMX/cmex/m/n on input line 50.
LaTeX Font Info:    ... okay on input line 50.
LaTeX Font Info:    Checking defaults for U/cmr/m/n on input line 50.
LaTeX Font Info:    ... okay on input line 50.
 (/sw/share/texmf/tex/context/base/supp-pdf.tex
(/sw/share/texmf/tex/context/base/supp-mis.tex
loading : Context Support Macros / Missing
\protectiondepth=\count109
\scratchcounter=\count110
\scratchtoks=\toks36
\scratchdimen=\dimen123
\scratchskip=\skip44
\scratchmuskip=\muskip11
\scratchbox=\box30
\scratchread=\read1
\scratchwrite=\write3
\zeropoint=\dimen124
\minusone=\count111
\thousandpoint=\dimen125
\emptytoks=\toks37
\nextbox=\box31
\nextdepth=\dimen126
\everyline=\toks38
\!!counta=\count112
\!!countb=\count113
\recursecounter=\count114
)
loading : Context Support Macros / PDF
\nofMPsegments=\count115
\nofMParguments=\count116
\everyMPtoPDFconversion=\toks39
)
LaTeX Font Info:    Try loading font information for U+msa on input line 119.
 (/sw/share/texmf/tex/latex/amsfonts/umsa.fd
File: umsa.fd 2002/01/19 v2.2g AMS font definitions
)
LaTeX Font Info:    Try loading font information for U+msb on input line 119.

(/sw/share/texmf/tex/latex/amsfonts/umsb.fd
File: umsb.fd 2002/01/19 v2.2g AMS font definitions
)
LaTeX Font Info:    Try loading font information for U+lasy on input line 119.

(/sw/share/texmf/tex/latex/base/ulasy.fd
File: ulasy.fd 1998/08/17 v2.2e LaTeX symbol font definitions
)
Overfull \hbox (1.22757pt too wide) in paragraph at lines 121--130
/cmti9/Prepar-ing ACM SIG Pro-ceed-ings Us-ing L[]T[]X$/cmr9/2[]$ /cmti9/and Bi
bT[]X/cmr9/.
 []


Overfull \hbox (1.52423pt too wide) in paragraph at lines 148--149
/cmr9/H.4 [/cmbx9/Information Sys-tems Ap-pli-ca-tions/cmr9/]: Mis-cel-la-neous
;
 []


Underfull \vbox (badness 10000) has occurred while \output is active []


Underfull \hbox (badness 10000) in paragraph at lines 172--172
/cmr9/com-mands, you have al-ready used; an-other,
 []


Underfull \hbox (badness 1142) in paragraph at lines 172--172
/cmtt9/\balancecolumns/cmr9/, will be used in your very last run
 []

[1{/sw/share/texmf/dvips/config/pdftex.map}


] [2]

! LaTeX Error: Unknown graphics extension: .eps.

See the LaTeX manual or LaTeX Companion for explanation.
Type  H <return>  for immediate help.
 ...                                              
                                                  
l.364 \epsfig{file=fly.eps}
                           
? 

! LaTeX Error: Unknown graphics extension: .eps.

See the LaTeX manual or LaTeX Companion for explanation.
Type  H <return>  for immediate help.
 ...                                              
                                                  
l.370 \epsfig{file=fly.eps, height=1in, width=1in}
                                                  
? 
LaTeX Font Info:    Font shape `OT1/cmtt/bx/n' in size <9> not available
(Font)              Font shape `OT1/cmtt/m/n' tried instead on input line 372.

! LaTeX Error: Unknown graphics extension: .eps.

See the LaTeX manual or LaTeX Companion for explanation.
Type  H <return>  for immediate help.
 ...                                              
                                                  
l.382 \epsfig{file=flies.eps}
                             
? 

! LaTeX Error: Unknown graphics extension: .ps.

See the LaTeX manual or LaTeX Companion for explanation.
Type  H <return>  for immediate help.
 ...                                              
                                                  
l.396 ...{file=rosette.ps, height=1in, width=1in,}
                                                  
? 
\c@theorem=\count117

Overfull \hbox (28.12209pt too wide) in paragraph at lines 411--415
[]/cmr9/This uses the /cmbx9/the-o-rem /cmr9/en-vi-ron-ment, cre-ated by the /c
mtt9/\newtheorem
 []

\c@definition=\count118

Overfull \hbox (15.60826pt too wide) detected at line 451
/cmmi9/l /cmr9/= [] /cmmi9/f/cmr9/(/cmmi9/x/cmr9/) = [] [] = [] /cmmi9/g/cmr9/(
/cmmi9/x/cmr9/) /cmsy9/^^A [] [] /cmr9/= 0 /cmsy9/^^A /cmmi9/L /cmr9/= 0/cmmi9/
;
 []

(./sig-alternate.bbl
Overfull \hbox (21.42407pt too wide) in paragraph at lines 1--1
/cmr9/(The Kumquat Con-sor-tium, email: /cmtt9/jpkumquat@consortium.net/cmr9/).
 
 []

[3])
Overfull \hbox (12.1958pt too wide) in paragraph at lines 542--546
/cmr9/just add the names and in-for-ma-tion in the /cmtt9/\additionalauthors
 []

[4] (./sig-alternate.aux) ) 
Here is how much of TeX's memory you used:
 1949 strings out of 95437
 21904 string characters out of 1190296
 77847 words of memory out of 1000001
 4925 multiletter control sequences out of 10000+50000
 33260 words of font info for 69 fonts, out of 500000 for 1000
 14 hyphenation exceptions out of 1000
 39i,14n,26p,454b,446s stack positions out of 1500i,500n,5000p,200000b,5000s
 66 PDF objects out of 300000
 0 named destinations out of 131072
 0 words of extra memory for PDF output out of 65536
{/sw/share/texmf/dvips/tetex/0ef0afca.enc}</sw/share
/texmf/fonts/type1/bluesky/cm/cmcsc10.pfb></sw/share/texmf/fonts/type1/public/t
t2001/fmex9.pfb>{/sw/share/texmf/dvips/tetex/bbad153f.enc}</sw/share/texmf/font
s/type1/bluesky/cm/cmsy6.pfb>{/sw/share/texmf/dvips/tetex/aae443f0.enc}</sw/sha
re/texmf/fonts/type1/bluesky/cm/cmmi9.pfb>{/sw/share/texmf/dvips/psnfss/8r.enc}
{/sw/share/texmf/dvips/tetex/f7b6d320.enc}</sw/share/texmf/fonts/type1/bluesky/
cm/cmbx9.pfb>{/sw/share/texmf/dvips/tetex/09fbbfac.enc}</sw/share/texmf/fonts/t
ype1/bluesky/cm/cmtt9.pfb></sw/share/texmf/fonts/type1/bluesky/cm/cmmi6.pfb>{/s
w/share/texmf/dvips/tetex/74afc74c.enc}</sw/share/texmf/fonts/type1/bluesky/cm/
cmti7.pfb></sw/share/texmf/fonts/type1/bluesky/cm/cmti9.pfb></sw/share/texmf/fo
nts/type1/bluesky/cm/cmr6.pfb></sw/share/texmf/fonts/type1/bluesky/cm/cmr9.pfb>
</sw/share/texmf/fonts/type1/bluesky/cm/cmss12.pfb></sw/share/texmf/fonts/type1
/bluesky/cm/cmsy9.pfb>
Output written on sig-alternate.pdf (4 pages, 109131 bytes).
