This is pdfTeX, Version 3.14159-13d (Web2C 7.3.1) (format=pdflatex 2001.8.27)  17 MAY 2005 13:58
**example2
(example2.tex[/import/pkg/tetex/texmf/pdftex/config/pdftex.cfg]
LaTeX2e <1999/12/01> patch level 1
Babel <v3.6Z> and hyphenation patterns for american, french, german, ngerman, n
ohyphenation, loaded.
(/import/pkg/tetex/texmf/tex/latex/base/article.cls
Document Class: article 1999/09/10 v1.4a Standard LaTeX document class
(/import/pkg/tetex/texmf/tex/latex/base/size12.clo
File: size12.clo 1999/09/10 v1.4a Standard LaTeX file (size option)
)
\c@part=\count79
\c@section=\count80
\c@subsection=\count81
\c@subsubsection=\count82
\c@paragraph=\count83
\c@subparagraph=\count84
\c@figure=\count85
\c@table=\count86
\abovecaptionskip=\skip41
\belowcaptionskip=\skip42
\bibindent=\dimen102
) (parallel.sty
Package: parallel 2003/04/13, setting two texts parallel (me)

`parallel': setting two texts parallel, (beta 4) 2003/04/13.
\ParallelLWidth=\dimen103
\ParallelRWidth=\dimen104
\ParallelTextWidth=\dimen105
\ParallelLeftMargin=\dimen106
\ParallelUserMidSkip=\dimen107
\ParallelMainMidSkip=\dimen108
\ParallelLBox=\box26
\ParallelRBox=\box27
\ParallelBoxVar=\box28
\ParallelLTok=\box29
\ParallelRTok=\box30
\ParallelBoolVar=\count87
\ParallelBoolMid=\count88
\ParallelWhichBox=\count89
\ParallelMainMode=\count90
\ParallelFNMode=\count91
\ParallelLFNCounter=\count92
\ParallelRFNCounter=\count93
\ParallelMaxFN=\count94
\ParallelFNNumMode=\count95
 Verbose)
(example2.aux)
\openout1 = `example2.aux'.

LaTeX Font Info:    Checking defaults for OML/cmm/m/it on input line 29.
LaTeX Font Info:    ... okay on input line 29.
LaTeX Font Info:    Checking defaults for T1/cmr/m/n on input line 29.
LaTeX Font Info:    ... okay on input line 29.
LaTeX Font Info:    Checking defaults for OT1/cmr/m/n on input line 29.
LaTeX Font Info:    ... okay on input line 29.
LaTeX Font Info:    Checking defaults for OMS/cmsy/m/n on input line 29.
LaTeX Font Info:    ... okay on input line 29.
LaTeX Font Info:    Checking defaults for OMX/cmex/m/n on input line 29.
LaTeX Font Info:    ... okay on input line 29.
LaTeX Font Info:    Checking defaults for U/cmr/m/n on input line 29.
LaTeX Font Info:    ... okay on input line 29.
LaTeX Font Info:    External font `cmex10' loaded for size
(Font)              <17.28> on input line 31.
LaTeX Font Info:    External font `cmex10' loaded for size
(Font)              <12> on input line 31.

Overfull \hbox (22.46144pt too wide) in paragraph at lines 31--36
[]\OT1/cmr/m/n/17.28 This is a sam-ple L[]T[]X-file for the \OT1/cmtt/m/n/17.28
 Parallel\OT1/cmr/m/n/17.28 -
 []


Overfull \hbox (82.79692pt too wide) in paragraph at lines 31--36
\OT1/cmr/m/n/17.28 environment. It is type-set-ted with []\OT1/cmtt/m/n/17.28 \
linespread{1.9}\OT1/cmr/m/n/17.28 ,
 []


Overfull \hbox (13.9754pt too wide) in paragraph at lines 31--36
[]\OT1/cmtt/m/n/17.28 \textheight14cm\OT1/cmr/m/n/17.28 , []\OT1/cmtt/m/n/17.28
 \textwidth10.5cm \OT1/cmr/m/n/17.28 and
 []

LaTeX Font Info:    External font `cmex10' loaded for size
(Font)              <7> on input line 38.
LaTeX Font Info:    External font `cmex10' loaded for size
(Font)              <5> on input line 38.
[1

[/import/pkg/tetex/texmf/dvips/config/pdftex.map]]  on Pages (
Overfull \hbox (0.27205pt too wide) in paragraph at lines 41--43
[]\OT1/cmr/m/n/17.28 Itemque ipsa adi-u-to-ria dis-tinguenda sunt.
 []

[2] [3] [4] [5]
Overfull \hbox (0.90266pt too wide) in paragraph at lines 49--56
\OT1/cmr/m/n/17.28 fac-tus fuerat rec-tus ac-ceperat posse non pec-
 []


Overfull \hbox (4.62607pt too wide) in paragraph at lines 57--68
\OT1/cmr/m/n/17.28 worin er gerecht er-schaf-fen war, die F^^?ahigkeit
 []


Overfull \hbox (12.90251pt too wide) in paragraph at lines 57--68
\OT1/cmr/m/n/17.28 stande gewe-sen w^^?are, mit seinem freien Willen
 []


Overfull \hbox (8.59691pt too wide) in paragraph at lines 57--68
\OT1/cmr/m/n/17.28 Gottes vorher-bestimmt sind, nicht eine solche
 []


Overfull \hbox (3.58043pt too wide) in paragraph at lines 57--68
\OT1/cmr/m/n/17.28 dieses Gnadengeschenk nicht nur unf^^?ahig zur
 []


Overfull \hbox (12.57057pt too wide) in paragraph at lines 57--68
\OT1/cmr/m/n/17.28 Be-har-rlichkeit, son-dern sind auch durch dieses
 []

[6] [7] [8] [9] No Parallel Footnotes ) (example2.aux) ) 
Here is how much of TeX's memory you used:
 266 strings out of 10631
 2942 string characters out of 68573
 49150 words of memory out of 263001
 3301 multiletter control sequences out of 10000+0
 5636 words of font info for 21 fonts, out of 400000 for 1000
 14 hyphenation exceptions out of 1000
 23i,8n,19p,140b,234s stack positions out of 300i,100n,500p,50000b,4000s
<cmr10.pfb><cmr7.pfb><c
mtt12.pfb><cmr12.pfb><cmr17.pfb>
Output written on example2.pdf (9 pages, 46284 bytes).
